"2023-05-13 23:18:57",GET,"/seller/getScrapItemList/1",200,0.005,"order with scrapId = 1fetched successfully"
"2023-05-13 23:18:57",GET,"/seller/getScrapItemList/1",200,0.0,"order with scrapId = 1fetched successfully"
"2023-05-13 23:18:57",GET,"/seller/my_orders",200,0.001,"order fetched successfully"
"2023-05 -13 23:18:57",DELETE,"/seller/deleteScrapList/1",200,0.001,"order with scrapId = 1deleted successfully"
"2023-05-13 23:18:58",POST,"/seller/add_orders",200,0.0,"order placed successfully"
"2023-05-13 23:18:58",POST,"/seller/register_seller",200,0.001,"user registration api"
"2023-05-13 23:18:58",GET,"/seller/my_orders",200,0.0,"order fetched successfully"
"2023-05-13 23:18:58",GET,"/admin/getScrapList",200,0.001,"ScrapList fetched successfully"
"2023-05-13 23:18:58",GET,"/admin/getScrapItemList/1",200,0.0,"ScrapItemList with scrapId = 1 fetched successfully"
"2023-05-13 23:18:58",GET,"/admin/getScrapItemList/1",200,0.001,"ScrapItemList with scrapId = 1 fetched successfully"
"2023-05-13 23:18:58",DELETE,"/admin/deleteScrapList/1",200,0.001,"ScrapList with scrapId = 1 deleted successfully"
"2023-05-13 23:18:58",GET,"/admin/getScrapList",200,0.001,"ScrapList fetched successfully"
"2023-05-15 02:47:41",GET,"/seller/getScrapItemList/1",200,0.004,"order with scrapId = 1fetched successfully"
"2023-05-15 02:47:41",GET,"/seller/getScrapItemList/1",200,0.0,"order with scrapId = 1fetched successfully"
"2023-05-15 02:47:41",GET,"/seller/my_orders",200,0.001,"order fetched successfully"
"2023-05 -15 02:47:41",DELETE,"/seller/deleteScrapList/1",200,0.0,"order with scrapId = 1deleted successfully"
"2023-05-15 02:47:41",POST,"/seller/add_orders",200,0.0,"order placed successfully"
"2023-05-15 02:47:41",POST,"/seller/register_seller",200,0.0,"user registration api"
"2023-05-15 02:47:41",GET,"/seller/my_orders",200,0.001,"order fetched successfully"
"2023-05-15 02:47:42",GET,"/admin/getScrapList",200,0.001,"ScrapList fetched successfully"
"2023-05-15 02:47:42",GET,"/admin/getScrapItemList/1",200,0.0,"ScrapItemList with scrapId = 1 fetched successfully"
"2023-05-15 02:47:42",GET,"/admin/getScrapItemList/1",200,0.001,"ScrapItemList with scrapId = 1 fetched successfully"
"2023-05-15 02:47:42",DELETE,"/admin/deleteScrapList/1",200,0.001,"ScrapList with scrapId = 1 deleted successfully"
"2023-05-15 02:47:42",GET,"/admin/getScrapList",200,0.001,"ScrapList fetched successfully"
